======================================================================
SpiralCortex v3.0 Benchmark Run - 2025-11-27_23-13-53
======================================================================


======================================================================
[BENCHMARK 1/17] benchmarks/benchmark_suite.py
Started: 23:13:53
======================================================================

============================================================
SpiralCortex v3.0 - Benchmark Suite
============================================================

Running 51 benchmarks...

[codex] model_initialization... 2025-11-27 23:13:54,184 - codex.codex_core.compliance_gateway - INFO - ğŸ” Compliance Gateway initialized
2025-11-27 23:13:57,843 - domains.blockchain.schemas - INFO - Unified brain v3.0 initialized for schema validation
2025-11-27 23:13:58,013 - domains.blockchain.stream_service - INFO - Unified brain v3.0 initialized for stream service
2025-11-27 23:13:58,036 - domains.blockchain.router - INFO - Unified brain v3.0 initialized for blockchain router
2025-11-27 23:13:58,038 - domains.blockchain - INFO - Unified brain v3.0 initialized for blockchain domain
2025-11-27 23:13:58,045 - domains.blockchain.router - INFO - Unified brain v3.0 initialized for blockchain router
2025-11-27 23:13:58,045 - domains.blockchain.audit_logger - INFO - Unified brain v3.0 initialized for audit logger
2025-11-27 23:13:58,045 - codex.codex_core.compliance_gateway - INFO - ğŸ” Compliance Gateway initialized
2025-11-27 23:13:58,045 - domains.blockchain.audit_logger - INFO - Compliance gateway initialized for audit logging
2025-11-27 23:13:58,056 - domains.blockchain.etherscan_provider - INFO - Unified brain v3.0 initialized for Etherscan provider
2025-11-27 23:13:58,056 - codex.codex_core.compliance_gateway - INFO - ğŸ” Compliance Gateway initialized
2025-11-27 23:13:58,056 - domains.blockchain.etherscan_provider - INFO - Compliance gateway initialized
2025-11-27 23:13:58,056 - domains.blockchain.metrics_collector - INFO - Unified brain v3.0 initialized for metrics collector
2025-11-27 23:13:58,145 - domains.blockchain.risk_rules - INFO - Unified brain v3.0 initialized for risk assessment
2025-11-27 23:13:58,145 - domains.blockchain.router - INFO - Unified brain v3.0 initialized for blockchain router
2025-11-27 23:13:58,145 - domains.blockchain.schemas - INFO - Unified brain v3.0 initialized for schema validation
2025-11-27 23:13:58,156 - domains.blockchain.risk_rules - INFO - Unified brain v3.0 initialized for risk assessment
2025-11-27 23:13:58,156 - domains.blockchain.service - INFO - Unified brain v3.0 initialized for blockchain service
2025-11-27 23:13:58,156 - domains.blockchain.wallet_parser - INFO - Unified brain v3.0 initialized for wallet parsing
2025-11-27 23:13:58,156 - domains.blockchain - INFO - Blockchain domain initialized with 11/11 components
2025-11-27 23:13:58,156 - domains.blockchain - INFO - Unified brain v3.0 cognitive capabilities active
âœ“ (4632.0ms)
  ğŸ“Š imported: True
  ğŸ“Š has_model_class: True

[codex] multipath_core... âœ“ (9.9ms)
  ğŸ“Š imported: True
  ğŸ“Š module_name: codex.core.scx_multipath_core
  ğŸ“Š has_pathway_class: True
  ğŸ“Š pathway_classes_count: 27
  ğŸ“Š pathway_update_success: True
  ğŸ“Š pathway_learning_success: True
  ğŸ“Š aggregation_success: True
  ğŸ“Š total_pathway_types: 27

[codex] adaptive_pathways... âœ“ (2.9ms)
  ğŸ“Š imported: True
  ğŸ“Š module_name: AdaptivePathwayManager
  ğŸ“Š has_manager_class: True
  ğŸ“Š pathways_initialized: 3
  ğŸ“Š insights_available: True
  ğŸ“Š adaptation_rate: 0.1
  ğŸ“Š weight_history_tracked: False
  ğŸ“Š adaptation_log_entries: 0

[codex] limbic_modulation... âœ“ (0.7ms)
  ğŸ“Š limbic_modulation_active: True
  ğŸ“Š exploration_bias: -0.30000000000000004
  ğŸ“Š stability_bias: 0.09999999999999998
  ğŸ“Š creativity_boost: 0.0
  ğŸ“Š attention_modulation: 1.0
  ğŸ“Š reasoning_modulated: True

[integrated] advanced_benchmarks... âœ“ (27216.2ms)
  ğŸ“Š executed: True
  ğŸ“Š return_code: 0
  ğŸ“Š has_output: True
  ğŸ“Š has_errors: True
  ğŸ“Š execution_time: completed

[integrated] attention_mechanisms... âœ“ (4792.6ms)
  ğŸ“Š executed: True
  ğŸ“Š return_code: 0
  ğŸ“Š has_output: True
  ğŸ“Š has_errors: True

[integrated] cognitive_validation... âœ“ (544.5ms)
  ğŸ“Š executed: True
  ğŸ“Š return_code: 0
  ğŸ“Š has_output: True
  ğŸ“Š has_errors: False

[integrated] enhanced_pathways... âœ“ (4145.1ms)
  ğŸ“Š executed: True
  ğŸ“Š return_code: 0
  ğŸ“Š has_output: True
  ğŸ“Š has_errors: True

[integrated] federated_benchmarking... âœ“ (11487.7ms)
  ğŸ“Š executed: True
  ğŸ“Š return_code: 0
  ğŸ“Š has_output: True
  ğŸ“Š has_errors: False

[integrated] hybrid_cognitive_evaluation... âœ“ (5861.8ms)
  ğŸ“Š executed: True
  ğŸ“Š return_code: 0
  ğŸ“Š has_output: True
  ğŸ“Š has_errors: False

[integrated] industry_comparison... âœ“ (119.1ms)
  ğŸ“Š executed: True
  ğŸ“Š return_code: 0
  ğŸ“Š has_output: True
  ğŸ“Š has_errors: False

[integrated] longitudinal_study... âœ“ (8922.6ms)
  ğŸ“Š executed: True
  ğŸ“Š return_code: 0
  ğŸ“Š has_output: True
  ğŸ“Š has_errors: True

[integrated] market_validation... âœ“ (517.3ms)
  ğŸ“Š executed: True
  ğŸ“Š return_code: 0
  ğŸ“Š has_output: True
  ğŸ“Š has_errors: False

[integrated] quantum_emotional_fusion... Exception in thread Thread-21 (_readerthread):
Traceback (most recent call last):
  File "C:\Program Files\WindowsApps\PythonSoftwareFoundation.Python.3.12_3.12.2800.0_x64__qbz5n2kfra8p0\Lib\threading.py", line 1075, in _bootstrap_inner
Exception in thread Thread-20 (_readerthread):
Traceback (most recent call last):
  File "C:\Program Files\WindowsApps\PythonSoftwareFoundation.Python.3.12_3.12.2800.0_x64__qbz5n2kfra8p0\Lib\threading.py", line 1075, in _bootstrap_inner
    self.run()
    self.run()
  File "C:\Program Files\WindowsApps\PythonSoftwareFoundation.Python.3.12_3.12.2800.0_x64__qbz5n2kfra8p0\Lib\threading.py", line 1012, in run
  File "C:\Program Files\WindowsApps\PythonSoftwareFoundation.Python.3.12_3.12.2800.0_x64__qbz5n2kfra8p0\Lib\threading.py", line 1012, in run
    self._target(*self._args, **self._kwargs)
  File "C:\Program Files\WindowsApps\PythonSoftwareFoundation.Python.3.12_3.12.2800.0_x64__qbz5n2kfra8p0\Lib\subprocess.py", line 1599, in _readerthread
    self._target(*self._args, **self._kwargs)
  File "C:\Program Files\WindowsApps\PythonSoftwareFoundation.Python.3.12_3.12.2800.0_x64__qbz5n2kfra8p0\Lib\subprocess.py", line 1599, in _readerthread
    buffer.append(fh.read())
                  ^^^^^^^^^
  File "C:\Program Files\WindowsApps\PythonSoftwareFoundation.Python.3.12_3.12.2800.0_x64__qbz5n2kfra8p0\Lib\encodings\cp1252.py", line 23, in decode
    buffer.append(fh.read())
                  ^^^^^^^^^
  File "C:\Program Files\WindowsApps\PythonSoftwareFoundation.Python.3.12_3.12.2800.0_x64__qbz5n2kfra8p0\Lib\encodings\cp1252.py", line 23, in decode
    return codecs.charmap_decode(input,self.errors,decoding_table)[0]
    return codecs.charmap_decode(input,self.errors,decoding_table)[0]
           ^^^^^^^^^^^^^^^^^^^^^^^^^^^^^^^^^^^^^^^^^^^^^^^^^^^^^^^
           ^^^^^^^^^^^^^^^^^^^^^^^^^^^^^^^^^^^^^^^^^^^^^^^^^^^^^^^
UnicodeDecodeError: 'charmap' codec can't decode byte 0x8f in position 139: character maps to <undefined>
UnicodeDecodeError: 'charmap' codec can't decode byte 0x90 in position 74: character maps to <undefined>
âœ“ (4113.5ms)
  ğŸ“Š executed: False
  ğŸ“Š error: object of type 'NoneType' has no len()

[integrated] robust_learning... âœ“ (187.7ms)
  ğŸ“Š executed: True
  ğŸ“Š return_code: 0
  ğŸ“Š has_output: True
  ğŸ“Š has_errors: False

[integrated] ether_benchmark... âœ“ (184.9ms)
  ğŸ“Š executed: True
  ğŸ“Š return_code: 1
  ğŸ“Š has_output: True
  ğŸ“Š has_errors: True

[integrated] phase3_execution... âœ“ (308.9ms)
  ğŸ“Š executed: True
  ğŸ“Š return_code: 1
  ğŸ“Š has_output: False
  ğŸ“Š has_errors: True

[integrated] observer_effect... Exception in thread Thread-29 (_readerthread):
Traceback (most recent call last):
  File "C:\Program Files\WindowsApps\PythonSoftwareFoundation.Python.3.12_3.12.2800.0_x64__qbz5n2kfra8p0\Lib\threading.py", line 1075, in _bootstrap_inner
    self.run()
  File "C:\Program Files\WindowsApps\PythonSoftwareFoundation.Python.3.12_3.12.2800.0_x64__qbz5n2kfra8p0\Lib\threading.py", line 1012, in run
    self._target(*self._args, **self._kwargs)
  File "C:\Program Files\WindowsApps\PythonSoftwareFoundation.Python.3.12_3.12.2800.0_x64__qbz5n2kfra8p0\Lib\subprocess.py", line 1599, in _readerthread
    buffer.append(fh.read())
                  ^^^^^^^^^
  File "C:\Program Files\WindowsApps\PythonSoftwareFoundation.Python.3.12_3.12.2800.0_x64__qbz5n2kfra8p0\Lib\encodings\cp1252.py", line 23, in decode
    return codecs.charmap_decode(input,self.errors,decoding_table)[0]
           ^^^^^^^^^^^^^^^^^^^^^^^^^^^^^^^^^^^^^^^^^^^^^^^^^^^^^^^
UnicodeDecodeError: 'charmap' codec can't decode byte 0x9d in position 860: character maps to <undefined>
âœ“ (55228.1ms)
  ğŸ“Š executed: False
  ğŸ“Š error: object of type 'NoneType' has no len()

[integrated] benchmark_analysis... forrtl: error (200): program aborting due to window-CLOSE event
Image              PC                Routine            Line        Source             
KERNELBASE.dll     00007FF8F1F0C24D  Unknown               Unknown  Unknown
KERNEL32.DLL       00007FF8F318E8D7  Unknown               Unknown  Unknown
ntdll.dll          00007FF8F488C53C  Unknown               Unknown  Unknown
