======================================================================
SpiralCortex v3.0 Benchmark Run - 2025-11-27_23-07-11
======================================================================


======================================================================
[BENCHMARK 1/17] benchmarks/benchmark_suite.py
Started: 23:07:11
======================================================================

============================================================
SpiralCortex v3.0 - Benchmark Suite
============================================================

Running 51 benchmarks...

[codex] model_initialization... 2025-11-27 23:07:12,000 - codex.codex_core.compliance_gateway - INFO - ğŸ” Compliance Gateway initialized
2025-11-27 23:07:14,910 - domains.blockchain.schemas - INFO - Unified brain v3.0 initialized for schema validation
2025-11-27 23:07:15,019 - domains.blockchain.stream_service - INFO - Unified brain v3.0 initialized for stream service
2025-11-27 23:07:15,022 - domains.blockchain.router - INFO - Unified brain v3.0 initialized for blockchain router
2025-11-27 23:07:15,022 - domains.blockchain - INFO - Unified brain v3.0 initialized for blockchain domain
2025-11-27 23:07:15,022 - domains.blockchain.router - INFO - Unified brain v3.0 initialized for blockchain router
2025-11-27 23:07:15,022 - domains.blockchain.audit_logger - INFO - Unified brain v3.0 initialized for audit logger
2025-11-27 23:07:15,022 - codex.codex_core.compliance_gateway - INFO - ğŸ” Compliance Gateway initialized
2025-11-27 23:07:15,022 - domains.blockchain.audit_logger - INFO - Compliance gateway initialized for audit logging
2025-11-27 23:07:15,038 - domains.blockchain.etherscan_provider - INFO - Unified brain v3.0 initialized for Etherscan provider
2025-11-27 23:07:15,038 - codex.codex_core.compliance_gateway - INFO - ğŸ” Compliance Gateway initialized
2025-11-27 23:07:15,038 - domains.blockchain.etherscan_provider - INFO - Compliance gateway initialized
2025-11-27 23:07:15,038 - domains.blockchain.metrics_collector - INFO - Unified brain v3.0 initialized for metrics collector
2025-11-27 23:07:15,117 - domains.blockchain.risk_rules - INFO - Unified brain v3.0 initialized for risk assessment
2025-11-27 23:07:15,133 - domains.blockchain.router - INFO - Unified brain v3.0 initialized for blockchain router
2025-11-27 23:07:15,133 - domains.blockchain.schemas - INFO - Unified brain v3.0 initialized for schema validation
2025-11-27 23:07:15,133 - domains.blockchain.risk_rules - INFO - Unified brain v3.0 initialized for risk assessment
2025-11-27 23:07:15,133 - domains.blockchain.service - INFO - Unified brain v3.0 initialized for blockchain service
2025-11-27 23:07:15,133 - domains.blockchain.wallet_parser - INFO - Unified brain v3.0 initialized for wallet parsing
2025-11-27 23:07:15,133 - domains.blockchain - INFO - Blockchain domain initialized with 11/11 components
2025-11-27 23:07:15,133 - domains.blockchain - INFO - Unified brain v3.0 cognitive capabilities active
âœ“ (3687.0ms)
  ğŸ“Š imported: True
  ğŸ“Š has_model_class: True

[codex] multipath_core... âœ“ (0.0ms)
  ğŸ“Š imported: True
  ğŸ“Š module_name: codex.core.scx_multipath_core
  ğŸ“Š has_pathway_class: True
  ğŸ“Š pathway_classes_count: 27
  ğŸ“Š pathway_update_success: True
  ğŸ“Š pathway_learning_success: True
  ğŸ“Š aggregation_success: True
  ğŸ“Š total_pathway_types: 27

[codex] adaptive_pathways... âœ“ (15.8ms)
  ğŸ“Š imported: True
  ğŸ“Š module_name: AdaptivePathwayManager
  ğŸ“Š has_manager_class: True
  ğŸ“Š pathways_initialized: 3
  ğŸ“Š insights_available: True
  ğŸ“Š adaptation_rate: 0.1
  ğŸ“Š weight_history_tracked: False
  ğŸ“Š adaptation_log_entries: 0

[codex] limbic_modulation... âœ“ (0.0ms)
  ğŸ“Š limbic_modulation_active: True
  ğŸ“Š exploration_bias: -0.30000000000000004
  ğŸ“Š stability_bias: 0.09999999999999998
  ğŸ“Š creativity_boost: 0.0
  ğŸ“Š attention_modulation: 1.0
  ğŸ“Š reasoning_modulated: True

[integrated] advanced_benchmarks... âœ“ (29259.2ms)
  ğŸ“Š executed: True
  ğŸ“Š return_code: 0
  ğŸ“Š has_output: True
  ğŸ“Š has_errors: True
  ğŸ“Š execution_time: completed

[integrated] attention_mechanisms... âœ“ (5741.3ms)
  ğŸ“Š executed: True
  ğŸ“Š return_code: 0
  ğŸ“Š has_output: True
  ğŸ“Š has_errors: True

[integrated] cognitive_validation... âœ“ (566.0ms)
  ğŸ“Š executed: True
  ğŸ“Š return_code: 0
  ğŸ“Š has_output: True
  ğŸ“Š has_errors: False

[integrated] enhanced_pathways... âœ“ (5692.0ms)
  ğŸ“Š executed: True
  ğŸ“Š return_code: 0
  ğŸ“Š has_output: True
  ğŸ“Š has_errors: True

[integrated] federated_benchmarking... âœ“ (12574.6ms)
  ğŸ“Š executed: True
  ğŸ“Š return_code: 0
  ğŸ“Š has_output: True
  ğŸ“Š has_errors: False

[integrated] hybrid_cognitive_evaluation... âœ“ (6731.3ms)
  ğŸ“Š executed: True
  ğŸ“Š return_code: 0
  ğŸ“Š has_output: True
  ğŸ“Š has_errors: False

[integrated] industry_comparison... âœ“ (77.0ms)
  ğŸ“Š executed: True
  ğŸ“Š return_code: 0
  ğŸ“Š has_output: True
  ğŸ“Š has_errors: False

[integrated] longitudinal_study... âœ“ (10534.3ms)
  ğŸ“Š executed: True
  ğŸ“Š return_code: 0
  ğŸ“Š has_output: True
  ğŸ“Š has_errors: True

[integrated] market_validation... âœ“ (482.2ms)
  ğŸ“Š executed: True
  ğŸ“Š return_code: 0
  ğŸ“Š has_output: True
  ğŸ“Š has_errors: False

[integrated] quantum_emotional_fusion... Exception in thread Thread-20 (_readerthread):
Traceback (most recent call last):
  File "C:\Program Files\WindowsApps\PythonSoftwareFoundation.Python.3.12_3.12.2800.0_x64__qbz5n2kfra8p0\Lib\threading.py", line 1075, in _bootstrap_inner
Exception in thread Thread-21 (_readerthread):
Traceback (most recent call last):
  File "C:\Program Files\WindowsApps\PythonSoftwareFoundation.Python.3.12_3.12.2800.0_x64__qbz5n2kfra8p0\Lib\threading.py", line 1075, in _bootstrap_inner
    self.run()
  File "C:\Program Files\WindowsApps\PythonSoftwareFoundation.Python.3.12_3.12.2800.0_x64__qbz5n2kfra8p0\Lib\threading.py", line 1012, in run
    self.run()
  File "C:\Program Files\WindowsApps\PythonSoftwareFoundation.Python.3.12_3.12.2800.0_x64__qbz5n2kfra8p0\Lib\threading.py", line 1012, in run
    self._target(*self._args, **self._kwargs)
    self._target(*self._args, **self._kwargs)
  File "C:\Program Files\WindowsApps\PythonSoftwareFoundation.Python.3.12_3.12.2800.0_x64__qbz5n2kfra8p0\Lib\subprocess.py", line 1599, in _readerthread
  File "C:\Program Files\WindowsApps\PythonSoftwareFoundation.Python.3.12_3.12.2800.0_x64__qbz5n2kfra8p0\Lib\subprocess.py", line 1599, in _readerthread
    buffer.append(fh.read())
                  ^^^^^^^^^
  File "C:\Program Files\WindowsApps\PythonSoftwareFoundation.Python.3.12_3.12.2800.0_x64__qbz5n2kfra8p0\Lib\encodings\cp1252.py", line 23, in decode
    buffer.append(fh.read())
                  ^^^^^^^^^
  File "C:\Program Files\WindowsApps\PythonSoftwareFoundation.Python.3.12_3.12.2800.0_x64__qbz5n2kfra8p0\Lib\encodings\cp1252.py", line 23, in decode
    return codecs.charmap_decode(input,self.errors,decoding_table)[0]
           ^^^^^^^^^^^^^^^^^^^^^^^^^^^^^^^^^^^^^^^^^^^^^^^^^^^^^^^
UnicodeDecodeError: 'charmap' codec can't decode byte 0x90 in position 74: character maps to <undefined>
    return codecs.charmap_decode(input,self.errors,decoding_table)[0]
           ^^^^^^^^^^^^^^^^^^^^^^^^^^^^^^^^^^^^^^^^^^^^^^^^^^^^^^^
UnicodeDecodeError: 'charmap' codec can't decode byte 0x8f in position 139: character maps to <undefined>
âœ“ (4850.8ms)
  ğŸ“Š executed: False
  ğŸ“Š error: object of type 'NoneType' has no len()

[integrated] robust_learning... âœ“ (168.7ms)
  ğŸ“Š executed: True
  ğŸ“Š return_code: 0
  ğŸ“Š has_output: True
  ğŸ“Š has_errors: False

[integrated] ether_benchmark... âœ“ (179.9ms)
  ğŸ“Š executed: True
  ğŸ“Š return_code: 1
  ğŸ“Š has_output: True
  ğŸ“Š has_errors: True

[integrated] phase3_execution... âœ“ (393.1ms)
  ğŸ“Š executed: True
  ğŸ“Š return_code: 1
  ğŸ“Š has_output: False
  ğŸ“Š has_errors: True

[integrated] observer_effect... Exception in thread Thread-29 (_readerthread):
Traceback (most recent call last):
  File "C:\Program Files\WindowsApps\PythonSoftwareFoundation.Python.3.12_3.12.2800.0_x64__qbz5n2kfra8p0\Lib\threading.py", line 1075, in _bootstrap_inner
    self.run()
  File "C:\Program Files\WindowsApps\PythonSoftwareFoundation.Python.3.12_3.12.2800.0_x64__qbz5n2kfra8p0\Lib\threading.py", line 1012, in run
    self._target(*self._args, **self._kwargs)
  File "C:\Program Files\WindowsApps\PythonSoftwareFoundation.Python.3.12_3.12.2800.0_x64__qbz5n2kfra8p0\Lib\subprocess.py", line 1599, in _readerthread
    buffer.append(fh.read())
                  ^^^^^^^^^
  File "C:\Program Files\WindowsApps\PythonSoftwareFoundation.Python.3.12_3.12.2800.0_x64__qbz5n2kfra8p0\Lib\encodings\cp1252.py", line 23, in decode
    return codecs.charmap_decode(input,self.errors,decoding_table)[0]
           ^^^^^^^^^^^^^^^^^^^^^^^^^^^^^^^^^^^^^^^^^^^^^^^^^^^^^^^
UnicodeDecodeError: 'charmap' codec can't decode byte 0x9d in position 860: character maps to <undefined>
âœ“ (100015.8ms)
  ğŸ“Š executed: False
  ğŸ“Š error: timeout

[integrated] benchmark_analysis... Exception in thread Thread-30 (_readerthread):
Traceback (most recent call last):
  File "C:\Program Files\WindowsApps\PythonSoftwareFoundation.Python.3.12_3.12.2800.0_x64__qbz5n2kfra8p0\Lib\threading.py", line 1075, in _bootstrap_inner
    self.run()
  File "C:\Program Files\WindowsApps\PythonSoftwareFoundation.Python.3.12_3.12.2800.0_x64__qbz5n2kfra8p0\Lib\threading.py", line 1012, in run
    self._target(*self._args, **self._kwargs)
  File "C:\Program Files\WindowsApps\PythonSoftwareFoundation.Python.3.12_3.12.2800.0_x64__qbz5n2kfra8p0\Lib\subprocess.py", line 1599, in _readerthread
    buffer.append(fh.read())
                  ^^^^^^^^^
  File "C:\Program Files\WindowsApps\PythonSoftwareFoundation.Python.3.12_3.12.2800.0_x64__qbz5n2kfra8p0\Lib\encodings\cp1252.py", line 23, in decode
    return codecs.charmap_decode(input,self.errors,decoding_table)[0]
           ^^^^^^^^^^^^^^^^^^^^^^^^^^^^^^^^^^^^^^^^^^^^^^^^^^^^^^^
UnicodeDecodeError: 'charmap' codec can't decode byte 0x9d in position 129: character maps to <undefined>
âœ“ (945.7ms)
  ğŸ“Š executed: False
  ğŸ“Š error: object of type 'NoneType' has no len()

[integrated] benchmark_comparison... Exception in thread Thread-32 (_readerthread):
Traceback (most recent call last):
  File "C:\Program Files\WindowsApps\PythonSoftwareFoundation.Python.3.12_3.12.2800.0_x64__qbz5n2kfra8p0\Lib\threading.py", line 1075, in _bootstrap_inner
    self.run()
  File "C:\Program Files\WindowsApps\PythonSoftwareFoundation.Python.3.12_3.12.2800.0_x64__qbz5n2kfra8p0\Lib\threading.py", line 1012, in run
    self._target(*self._args, **self._kwargs)
  File "C:\Program Files\WindowsApps\PythonSoftwareFoundation.Python.3.12_3.12.2800.0_x64__qbz5n2kfra8p0\Lib\subprocess.py", line 1599, in _readerthread
    buffer.append(fh.read())
                  ^^^^^^^^^
  File "C:\Program Files\WindowsApps\PythonSoftwareFoundation.Python.3.12_3.12.2800.0_x64__qbz5n2kfra8p0\Lib\encodings\cp1252.py", line 23, in decode
    return codecs.charmap_decode(input,self.errors,decoding_table)[0]
           ^^^^^^^^^^^^^^^^^^^^^^^^^^^^^^^^^^^^^^^^^^^^^^^^^^^^^^^
UnicodeDecodeError: 'charmap' codec can't decode byte 0x8d in position 3: character maps to <undefined>
âœ“ (118.0ms)
  ğŸ“Š executed: False
  ğŸ“Š error: object of type 'NoneType' has no len()

[integrated] github_datasets... âœ“ (1605.2ms)
  ğŸ“Š executed: True
  ğŸ“Š return_code: 1
  ğŸ“Š has_output: False
  ğŸ“Š has_errors: True

[integrated] pictorial_cognition... Exception in thread Thread-36 (_readerthread):
Traceback (most recent call last):
  File "C:\Program Files\WindowsApps\PythonSoftwareFoundation.Python.3.12_3.12.2800.0_x64__qbz5n2kfra8p0\Lib\threading.py", line 1075, in _bootstrap_inner
    self.run()
  File "C:\Program Files\WindowsApps\PythonSoftwareFoundation.Python.3.12_3.12.2800.0_x64__qbz5n2kfra8p0\Lib\threading.py", line 1012, in run
    self._target(*self._args, **self._kwargs)
  File "C:\Program Files\WindowsApps\PythonSoftwareFoundation.Python.3.12_3.12.2800.0_x64__qbz5n2kfra8p0\Lib\subprocess.py", line 1599, in _readerthread
    buffer.append(fh.read())
                  ^^^^^^^^^
  File "C:\Program Files\WindowsApps\PythonSoftwareFoundation.Python.3.12_3.12.2800.0_x64__qbz5n2kfra8p0\Lib\encodings\cp1252.py", line 23, in decode
    return codecs.charmap_decode(input,self.errors,decoding_table)[0]
           ^^^^^^^^^^^^^^^^^^^^^^^^^^^^^^^^^^^^^^^^^^^^^^^^^^^^^^^
UnicodeDecodeError: 'charmap' codec can't decode byte 0x8f in position 1276: character maps to <undefined>
âœ“ (2336.1ms)
  ğŸ“Š executed: False
  ğŸ“Š error: object of type 'NoneType' has no len()

[integrated] realworld_comparison... âœ“ (3916.0ms)
  ğŸ“Š executed: True
  ğŸ“Š return_code: 1
  ğŸ“Š has_output: True
  ğŸ“Š has_errors: True

[integrated] real_data_test... âœ“ (3558.8ms)
  ğŸ“Š executed: True
  ğŸ“Š return_code: 1
  ğŸ“Š has_output: True
  ğŸ“Š has_errors: True

[integrated] bootstrap_env... âœ“ (203.0ms)
  ğŸ“Š executed: True
  ğŸ“Š return_code: 0
  ğŸ“Š has_output: False
  ğŸ“Š has_errors: False

[integrated] ccs_evaluator... âœ“ (2071.4ms)
  ğŸ“Š executed: True
  ğŸ“Š return_code: 0
  ğŸ“Š has_output: True
  ğŸ“Š has_errors: False

[integrated] financial_benchmark... Exception in thread Thread-46 (_readerthread):
Traceback (most recent call last):
  File "C:\Program Files\WindowsApps\PythonSoftwareFoundation.Python.3.12_3.12.2800.0_x64__qbz5n2kfra8p0\Lib\threading.py", line 1075, in _bootstrap_inner
    self.run()
  File "C:\Program Files\WindowsApps\PythonSoftwareFoundation.Python.3.12_3.12.2800.0_x64__qbz5n2kfra8p0\Lib\threading.py", line 1012, in run
    self._target(*self._args, **self._kwargs)
  File "C:\Program Files\WindowsApps\PythonSoftwareFoundation.Python.3.12_3.12.2800.0_x64__qbz5n2kfra8p0\Lib\subprocess.py", line 1599, in _readerthread
    buffer.append(fh.read())
                  ^^^^^^^^^
  File "C:\Program Files\WindowsApps\PythonSoftwareFoundation.Python.3.12_3.12.2800.0_x64__qbz5n2kfra8p0\Lib\encodings\cp1252.py", line 23, in decode
    return codecs.charmap_decode(input,self.errors,decoding_table)[0]
           ^^^^^^^^^^^^^^^^^^^^^^^^^^^^^^^^^^^^^^^^^^^^^^^^^^^^^^^
UnicodeDecodeError: 'charmap' codec can't decode byte 0x81 in position 1261: character maps to <undefined>
âœ“ (63.3ms)
  ğŸ“Š executed: False
  ğŸ“Š error: object of type 'NoneType' has no len()

[integrated] real_dataset_loader... âœ“ (270.8ms)
  ğŸ“Š executed: True
  ğŸ“Š return_code: 0
  ğŸ“Š has_output: True
  ğŸ“Š has_errors: False

[integrated] run_all_benchmarks... âœ“ (336658.5ms)
  ğŸ“Š executed: True
  ğŸ“Š return_code: 3221225786
  ğŸ“Š has_output: False
  ğŸ“Š has_errors: False
  ğŸ“Š execution_time: long_running

[integrated] run_spiral_eeg... forrtl: error (200): program aborting due to window-CLOSE event
Image              PC                Routine            Line        Source             
KERNELBASE.dll     00007FF8F1F0C24D  Unknown               Unknown  Unknown
KERNEL32.DLL       00007FF8F318E8D7  Unknown               Unknown  Unknown
ntdll.dll          00007FF8F488C53C  Unknown               Unknown  Unknown
