======================================================================
SpiralCortex v3.0 Benchmark Run - 2025-11-27_23-13-48
======================================================================


======================================================================
[BENCHMARK 1/17] benchmarks/benchmark_suite.py
Started: 23:13:48
======================================================================

============================================================
SpiralCortex v3.0 - Benchmark Suite
============================================================

Running 51 benchmarks...

[codex] model_initialization... 2025-11-27 23:13:49,862 - codex.codex_core.compliance_gateway - INFO - ğŸ” Compliance Gateway initialized
2025-11-27 23:13:53,757 - domains.blockchain.schemas - INFO - Unified brain v3.0 initialized for schema validation
2025-11-27 23:13:53,929 - domains.blockchain.stream_service - INFO - Unified brain v3.0 initialized for stream service
2025-11-27 23:13:53,946 - domains.blockchain.router - INFO - Unified brain v3.0 initialized for blockchain router
2025-11-27 23:13:53,954 - domains.blockchain - INFO - Unified brain v3.0 initialized for blockchain domain
2025-11-27 23:13:53,959 - domains.blockchain.router - INFO - Unified brain v3.0 initialized for blockchain router
2025-11-27 23:13:53,962 - domains.blockchain.audit_logger - INFO - Unified brain v3.0 initialized for audit logger
2025-11-27 23:13:53,963 - codex.codex_core.compliance_gateway - INFO - ğŸ” Compliance Gateway initialized
2025-11-27 23:13:53,963 - domains.blockchain.audit_logger - INFO - Compliance gateway initialized for audit logging
2025-11-27 23:13:53,970 - domains.blockchain.etherscan_provider - INFO - Unified brain v3.0 initialized for Etherscan provider
2025-11-27 23:13:53,970 - codex.codex_core.compliance_gateway - INFO - ğŸ” Compliance Gateway initialized
2025-11-27 23:13:53,970 - domains.blockchain.etherscan_provider - INFO - Compliance gateway initialized
2025-11-27 23:13:53,974 - domains.blockchain.metrics_collector - INFO - Unified brain v3.0 initialized for metrics collector
2025-11-27 23:13:54,061 - domains.blockchain.risk_rules - INFO - Unified brain v3.0 initialized for risk assessment
2025-11-27 23:13:54,064 - domains.blockchain.router - INFO - Unified brain v3.0 initialized for blockchain router
2025-11-27 23:13:54,069 - domains.blockchain.schemas - INFO - Unified brain v3.0 initialized for schema validation
2025-11-27 23:13:54,072 - domains.blockchain.risk_rules - INFO - Unified brain v3.0 initialized for risk assessment
2025-11-27 23:13:54,075 - domains.blockchain.service - INFO - Unified brain v3.0 initialized for blockchain service
2025-11-27 23:13:54,077 - domains.blockchain.wallet_parser - INFO - Unified brain v3.0 initialized for wallet parsing
2025-11-27 23:13:54,077 - domains.blockchain - INFO - Blockchain domain initialized with 11/11 components
2025-11-27 23:13:54,077 - domains.blockchain - INFO - Unified brain v3.0 cognitive capabilities active
âœ“ (5123.3ms)
  ğŸ“Š imported: True
  ğŸ“Š has_model_class: True

[codex] multipath_core... âœ“ (1.0ms)
  ğŸ“Š imported: True
  ğŸ“Š module_name: codex.core.scx_multipath_core
  ğŸ“Š has_pathway_class: True
  ğŸ“Š pathway_classes_count: 27
  ğŸ“Š pathway_update_success: True
  ğŸ“Š pathway_learning_success: True
  ğŸ“Š aggregation_success: True
  ğŸ“Š total_pathway_types: 27

[codex] adaptive_pathways... âœ“ (2.0ms)
  ğŸ“Š imported: True
  ğŸ“Š module_name: AdaptivePathwayManager
  ğŸ“Š has_manager_class: True
  ğŸ“Š pathways_initialized: 3
  ğŸ“Š insights_available: True
  ğŸ“Š adaptation_rate: 0.1
  ğŸ“Š weight_history_tracked: False
  ğŸ“Š adaptation_log_entries: 0

[codex] limbic_modulation... âœ“ (4.0ms)
  ğŸ“Š limbic_modulation_active: True
  ğŸ“Š exploration_bias: -0.30000000000000004
  ğŸ“Š stability_bias: 0.09999999999999998
  ğŸ“Š creativity_boost: 0.0
  ğŸ“Š attention_modulation: 1.0
  ğŸ“Š reasoning_modulated: True

[integrated] advanced_benchmarks... âœ“ (24373.4ms)
  ğŸ“Š executed: True
  ğŸ“Š return_code: 0
  ğŸ“Š has_output: True
  ğŸ“Š has_errors: True
  ğŸ“Š execution_time: completed

[integrated] attention_mechanisms... âœ“ (4366.9ms)
  ğŸ“Š executed: True
  ğŸ“Š return_code: 0
  ğŸ“Š has_output: True
  ğŸ“Š has_errors: True

[integrated] cognitive_validation... âœ“ (445.6ms)
  ğŸ“Š executed: True
  ğŸ“Š return_code: 0
  ğŸ“Š has_output: True
  ğŸ“Š has_errors: False

[integrated] enhanced_pathways... âœ“ (4526.6ms)
  ğŸ“Š executed: True
  ğŸ“Š return_code: 0
  ğŸ“Š has_output: True
  ğŸ“Š has_errors: True

[integrated] federated_benchmarking... âœ“ (11986.5ms)
  ğŸ“Š executed: True
  ğŸ“Š return_code: 0
  ğŸ“Š has_output: True
  ğŸ“Š has_errors: False

[integrated] hybrid_cognitive_evaluation... âœ“ (4894.7ms)
  ğŸ“Š executed: True
  ğŸ“Š return_code: 0
  ğŸ“Š has_output: True
  ğŸ“Š has_errors: False

[integrated] industry_comparison... âœ“ (111.2ms)
  ğŸ“Š executed: True
  ğŸ“Š return_code: 0
  ğŸ“Š has_output: True
  ğŸ“Š has_errors: False

[integrated] longitudinal_study... âœ“ (9426.5ms)
  ğŸ“Š executed: True
  ğŸ“Š return_code: 0
  ğŸ“Š has_output: True
  ğŸ“Š has_errors: True

[integrated] market_validation... âœ“ (658.9ms)
  ğŸ“Š executed: True
  ğŸ“Š return_code: 0
  ğŸ“Š has_output: True
  ğŸ“Š has_errors: False

[integrated] quantum_emotional_fusion... Exception in thread Thread-20 (_readerthread):
Traceback (most recent call last):
  File "C:\Program Files\WindowsApps\PythonSoftwareFoundation.Python.3.12_3.12.2800.0_x64__qbz5n2kfra8p0\Lib\threading.py", line 1075, in _bootstrap_inner
    self.run()
  File "C:\Program Files\WindowsApps\PythonSoftwareFoundation.Python.3.12_3.12.2800.0_x64__qbz5n2kfra8p0\Lib\threading.py", line 1012, in run
    self._target(*self._args, **self._kwargs)
  File "C:\Program Files\WindowsApps\PythonSoftwareFoundation.Python.3.12_3.12.2800.0_x64__qbz5n2kfra8p0\Lib\subprocess.py", line 1599, in _readerthread
    buffer.append(fh.read())
Exception in thread Thread-21 (_readerthread):
                  ^^^^^^^^^
Traceback (most recent call last):
  File "C:\Program Files\WindowsApps\PythonSoftwareFoundation.Python.3.12_3.12.2800.0_x64__qbz5n2kfra8p0\Lib\encodings\cp1252.py", line 23, in decode
  File "C:\Program Files\WindowsApps\PythonSoftwareFoundation.Python.3.12_3.12.2800.0_x64__qbz5n2kfra8p0\Lib\threading.py", line 1075, in _bootstrap_inner
    return codecs.charmap_decode(input,self.errors,decoding_table)[0]
           ^^^^^^^^^^^^^^^^^^^^^^^^^^^^^^^^^^^^^^^^^^^^^^^^^^^^^^^
UnicodeDecodeError: 'charmap' codec can't decode byte 0x8f in position 139: character maps to <undefined>
    self.run()
  File "C:\Program Files\WindowsApps\PythonSoftwareFoundation.Python.3.12_3.12.2800.0_x64__qbz5n2kfra8p0\Lib\threading.py", line 1012, in run
    self._target(*self._args, **self._kwargs)
  File "C:\Program Files\WindowsApps\PythonSoftwareFoundation.Python.3.12_3.12.2800.0_x64__qbz5n2kfra8p0\Lib\subprocess.py", line 1599, in _readerthread
    buffer.append(fh.read())
                  ^^^^^^^^^
  File "C:\Program Files\WindowsApps\PythonSoftwareFoundation.Python.3.12_3.12.2800.0_x64__qbz5n2kfra8p0\Lib\encodings\cp1252.py", line 23, in decode
    return codecs.charmap_decode(input,self.errors,decoding_table)[0]
           ^^^^^^^^^^^^^^^^^^^^^^^^^^^^^^^^^^^^^^^^^^^^^^^^^^^^^^^
UnicodeDecodeError: 'charmap' codec can't decode byte 0x90 in position 74: character maps to <undefined>
âœ“ (4146.2ms)
  ğŸ“Š executed: False
  ğŸ“Š error: object of type 'NoneType' has no len()

[integrated] robust_learning... âœ“ (190.7ms)
  ğŸ“Š executed: True
  ğŸ“Š return_code: 0
  ğŸ“Š has_output: True
  ğŸ“Š has_errors: False

[integrated] ether_benchmark... âœ“ (199.5ms)
  ğŸ“Š executed: True
  ğŸ“Š return_code: 1
  ğŸ“Š has_output: True
  ğŸ“Š has_errors: True

[integrated] phase3_execution... âœ“ (292.5ms)
  ğŸ“Š executed: True
  ğŸ“Š return_code: 1
  ğŸ“Š has_output: False
  ğŸ“Š has_errors: True

[integrated] observer_effect... Exception in thread Thread-29 (_readerthread):
Traceback (most recent call last):
  File "C:\Program Files\WindowsApps\PythonSoftwareFoundation.Python.3.12_3.12.2800.0_x64__qbz5n2kfra8p0\Lib\threading.py", line 1075, in _bootstrap_inner
    self.run()
  File "C:\Program Files\WindowsApps\PythonSoftwareFoundation.Python.3.12_3.12.2800.0_x64__qbz5n2kfra8p0\Lib\threading.py", line 1012, in run
    self._target(*self._args, **self._kwargs)
  File "C:\Program Files\WindowsApps\PythonSoftwareFoundation.Python.3.12_3.12.2800.0_x64__qbz5n2kfra8p0\Lib\subprocess.py", line 1599, in _readerthread
    buffer.append(fh.read())
                  ^^^^^^^^^
  File "C:\Program Files\WindowsApps\PythonSoftwareFoundation.Python.3.12_3.12.2800.0_x64__qbz5n2kfra8p0\Lib\encodings\cp1252.py", line 23, in decode
    return codecs.charmap_decode(input,self.errors,decoding_table)[0]
           ^^^^^^^^^^^^^^^^^^^^^^^^^^^^^^^^^^^^^^^^^^^^^^^^^^^^^^^
UnicodeDecodeError: 'charmap' codec can't decode byte 0x9d in position 860: character maps to <undefined>
âœ“ (62107.2ms)
  ğŸ“Š executed: False
  ğŸ“Š error: object of type 'NoneType' has no len()

[integrated] benchmark_analysis... forrtl: error (200): program aborting due to window-CLOSE event
Image              PC                Routine            Line        Source             
KERNELBASE.dll     00007FF8F1F0C24D  Unknown               Unknown  Unknown
KERNEL32.DLL       00007FF8F318E8D7  Unknown               Unknown  Unknown
ntdll.dll          00007FF8F488C53C  Unknown               Unknown  Unknown
